android/app/build/intermediates/manifest_merge_blame_file/release/manifest-merger-blame-release-report.txt
1<?xml version="1.0" encoding="utf-8"?>
2<manifest xmlns:android="http://schemas.android.com/apk/res/android"
3    package="com.roastingcopi"
4    android:versionCode="1"
5    android:versionName="1.0" >
6
7    <uses-sdk
8        android:minSdkVersion="21"
8-->src\main\AndroidManifest.xml
9        android:targetSdkVersion="33" />
9-->src\main\AndroidManifest.xml
10
11    <uses-permission android:name="android.permission.INTERNET" />
11-->src\main\AndroidManifest.xml:3:5-67
11-->src\main\AndroidManifest.xml:3:22-64
12    <uses-permission android:name="android.permission.WAKE_LOCK" />
12-->[:react-native-firebase_storage] AndroidManifest.xml:8:5-68
12-->[:react-native-firebase_storage] AndroidManifest.xml:8:22-65
13    <uses-permission android:name="android.permission.ACCESS_NETWORK_STATE" />
13-->[:react-native-firebase_storage] AndroidManifest.xml:9:5-79
13-->[:react-native-firebase_storage] AndroidManifest.xml:9:22-76
14    <uses-permission android:name="android.permission.WRITE_EXTERNAL_STORAGE" />
14-->[:react-native-fs] AndroidManifest.xml:7:5-81
14-->[:react-native-fs] AndroidManifest.xml:7:22-78
15    <uses-permission android:name="android.permission.READ_EXTERNAL_STORAGE" /> <!-- Required to access Google Play Licensing -->
16    <uses-permission android:name="com.android.vending.CHECK_LICENSE" /> <!-- Required to check whether Wi-Fi is enabled -->
16-->[:rn-fetch-blob] AndroidManifest.xml:8:5-73
16-->[:rn-fetch-blob] AndroidManifest.xml:8:22-70
17    <uses-permission android:name="android.permission.ACCESS_WIFI_STATE" />
17-->[:rn-fetch-blob] AndroidManifest.xml:26:5-76
17-->[:rn-fetch-blob] AndroidManifest.xml:26:22-73
18
19    <application
19-->src\main\AndroidManifest.xml:5:5-24:19
20        android:name="com.roastingcopi.MainApplication"
20-->src\main\AndroidManifest.xml:6:7-38
21        android:allowBackup="false"
21-->src\main\AndroidManifest.xml:9:7-34
22        android:appComponentFactory="androidx.core.app.CoreComponentFactory"
22-->[androidx.core:core:1.7.0] AndroidManifest.xml:24:18-86
23        android:icon="@mipmap/ic_launcher"
23-->src\main\AndroidManifest.xml:8:7-41
24        android:label="@string/app_name"
24-->src\main\AndroidManifest.xml:7:7-39
25        android:theme="@style/AppTheme"
25-->src\main\AndroidManifest.xml:11:7-38
26        android:usesCleartextTraffic="true" >
26-->src\main\AndroidManifest.xml:10:7-42
27        <activity
27-->src\main\AndroidManifest.xml:12:7-23:18
28            android:name="com.roastingcopi.MainActivity"
28-->src\main\AndroidManifest.xml:13:9-37
29            android:configChanges="keyboard|keyboardHidden|orientation|screenLayout|screenSize|smallestScreenSize|uiMode"
29-->src\main\AndroidManifest.xml:15:9-118
30            android:exported="true"
30-->src\main\AndroidManifest.xml:18:9-32
31            android:label="@string/app_name"
31-->src\main\AndroidManifest.xml:14:9-41
32            android:launchMode="singleTask"
32-->src\main\AndroidManifest.xml:16:9-40
33            android:windowSoftInputMode="adjustResize" >
33-->src\main\AndroidManifest.xml:17:9-51
34            <intent-filter>
34-->src\main\AndroidManifest.xml:19:9-22:25
35                <action android:name="android.intent.action.MAIN" />
35-->src\main\AndroidManifest.xml:20:13-65
35-->src\main\AndroidManifest.xml:20:21-62
36
37                <category android:name="android.intent.category.LAUNCHER" />
37-->src\main\AndroidManifest.xml:21:13-73
37-->src\main\AndroidManifest.xml:21:23-70
38            </intent-filter>
39        </activity>
40
41        <meta-data
41-->[:react-native-firebase_app] AndroidManifest.xml:9:9-11:36
42            android:name="app_data_collection_default_enabled"
42-->[:react-native-firebase_app] AndroidManifest.xml:10:13-63
43            android:value="true" />
43-->[:react-native-firebase_app] AndroidManifest.xml:11:13-33
44
45        <service
45-->[:react-native-firebase_app] AndroidManifest.xml:13:9-21:19
46            android:name="com.google.firebase.components.ComponentDiscoveryService"
46-->[:react-native-firebase_app] AndroidManifest.xml:14:13-84
47            android:directBootAware="true"
47-->[:react-native-firebase_app] AndroidManifest.xml:15:13-43
48            android:exported="false" >
48-->[:react-native-firebase_app] AndroidManifest.xml:16:13-37
49            <meta-data
49-->[:react-native-firebase_app] AndroidManifest.xml:18:13-20:85
50                android:name="com.google.firebase.components:io.invertase.firebase.app.ReactNativeFirebaseAppRegistrar"
50-->[:react-native-firebase_app] AndroidManifest.xml:19:17-120
51                android:value="com.google.firebase.components.ComponentRegistrar" />
51-->[:react-native-firebase_app] AndroidManifest.xml:20:17-82
52            <meta-data
52-->[com.google.firebase:firebase-storage:20.2.1] AndroidManifest.xml:32:13-34:85
53                android:name="com.google.firebase.components:com.google.firebase.storage.StorageRegistrar"
53-->[com.google.firebase:firebase-storage:20.2.1] AndroidManifest.xml:33:17-107
54                android:value="com.google.firebase.components.ComponentRegistrar" />
54-->[com.google.firebase:firebase-storage:20.2.1] AndroidManifest.xml:34:17-82
55        </service>
56
57        <provider
57-->[:react-native-firebase_app] AndroidManifest.xml:23:9-27:38
58            android:name="io.invertase.firebase.app.ReactNativeFirebaseAppInitProvider"
58-->[:react-native-firebase_app] AndroidManifest.xml:24:13-88
59            android:authorities="com.roastingcopi.reactnativefirebaseappinitprovider"
59-->[:react-native-firebase_app] AndroidManifest.xml:25:13-86
60            android:exported="false"
60-->[:react-native-firebase_app] AndroidManifest.xml:26:13-37
61            android:initOrder="99" />
61-->[:react-native-firebase_app] AndroidManifest.xml:27:13-35
62        <provider
62-->[:rn-fetch-blob] AndroidManifest.xml:32:9-40:20
63            android:name="com.RNFetchBlob.Utils.FileProvider"
63-->[:rn-fetch-blob] AndroidManifest.xml:33:13-62
64            android:authorities="com.roastingcopi.provider"
64-->[:rn-fetch-blob] AndroidManifest.xml:34:13-60
65            android:exported="false"
65-->[:rn-fetch-blob] AndroidManifest.xml:35:13-37
66            android:grantUriPermissions="true" >
66-->[:rn-fetch-blob] AndroidManifest.xml:36:13-47
67            <meta-data
67-->[:rn-fetch-blob] AndroidManifest.xml:37:13-39:58
68                android:name="android.support.FILE_PROVIDER_PATHS"
68-->[:rn-fetch-blob] AndroidManifest.xml:38:17-67
69                android:resource="@xml/provider_paths" />
69-->[:rn-fetch-blob] AndroidManifest.xml:39:17-55
70        </provider>
71        <provider
71-->[com.google.firebase:firebase-common:20.3.3] AndroidManifest.xml:25:9-30:39
72            android:name="com.google.firebase.provider.FirebaseInitProvider"
72-->[com.google.firebase:firebase-common:20.3.3] AndroidManifest.xml:26:13-77
73            android:authorities="com.roastingcopi.firebaseinitprovider"
73-->[com.google.firebase:firebase-common:20.3.3] AndroidManifest.xml:27:13-72
74            android:directBootAware="true"
74-->[com.google.firebase:firebase-common:20.3.3] AndroidManifest.xml:28:13-43
75            android:exported="false"
75-->[com.google.firebase:firebase-common:20.3.3] AndroidManifest.xml:29:13-37
76            android:initOrder="100" />
76-->[com.google.firebase:firebase-common:20.3.3] AndroidManifest.xml:30:13-36
77
78        <activity
78-->[com.google.android.gms:play-services-auth:20.6.0] AndroidManifest.xml:23:9-27:75
79            android:name="com.google.android.gms.auth.api.signin.internal.SignInHubActivity"
79-->[com.google.android.gms:play-services-auth:20.6.0] AndroidManifest.xml:24:13-93
80            android:excludeFromRecents="true"
80-->[com.google.android.gms:play-services-auth:20.6.0] AndroidManifest.xml:25:13-46
81            android:exported="false"
81-->[com.google.android.gms:play-services-auth:20.6.0] AndroidManifest.xml:26:13-37
82            android:theme="@android:style/Theme.Translucent.NoTitleBar" />
82-->[com.google.android.gms:play-services-auth:20.6.0] AndroidManifest.xml:27:13-72
83        <!--
84            Service handling Google Sign-In user revocation. For apps that do not integrate with
85            Google Sign-In, this service will never be started.
86        -->
87        <service
87-->[com.google.android.gms:play-services-auth:20.6.0] AndroidManifest.xml:33:9-37:51
88            android:name="com.google.android.gms.auth.api.signin.RevocationBoundService"
88-->[com.google.android.gms:play-services-auth:20.6.0] AndroidManifest.xml:34:13-89
89            android:exported="true"
89-->[com.google.android.gms:play-services-auth:20.6.0] AndroidManifest.xml:35:13-36
90            android:permission="com.google.android.gms.auth.api.signin.permission.REVOCATION_NOTIFICATION"
90-->[com.google.android.gms:play-services-auth:20.6.0] AndroidManifest.xml:36:13-107
91            android:visibleToInstantApps="true" />
91-->[com.google.android.gms:play-services-auth:20.6.0] AndroidManifest.xml:37:13-48
92
93        <activity
93-->[com.google.android.gms:play-services-base:18.0.1] AndroidManifest.xml:20:9-22:45
94            android:name="com.google.android.gms.common.api.GoogleApiActivity"
94-->[com.google.android.gms:play-services-base:18.0.1] AndroidManifest.xml:20:19-85
95            android:exported="false"
95-->[com.google.android.gms:play-services-base:18.0.1] AndroidManifest.xml:22:19-43
96            android:theme="@android:style/Theme.Translucent.NoTitleBar" />
96-->[com.google.android.gms:play-services-base:18.0.1] AndroidManifest.xml:21:19-78
97
98        <meta-data
98-->[com.google.android.gms:play-services-basement:18.2.0] AndroidManifest.xml:21:9-23:69
99            android:name="com.google.android.gms.version"
99-->[com.google.android.gms:play-services-basement:18.2.0] AndroidManifest.xml:22:13-58
100            android:value="@integer/google_play_services_version" />
100-->[com.google.android.gms:play-services-basement:18.2.0] AndroidManifest.xml:23:13-66
101
102        <provider
102-->[androidx.emoji2:emoji2:1.0.0] AndroidManifest.xml:26:9-34:20
103            android:name="androidx.startup.InitializationProvider"
103-->[androidx.emoji2:emoji2:1.0.0] AndroidManifest.xml:27:13-67
104            android:authorities="com.roastingcopi.androidx-startup"
104-->[androidx.emoji2:emoji2:1.0.0] AndroidManifest.xml:28:13-68
105            android:exported="false" >
105-->[androidx.emoji2:emoji2:1.0.0] AndroidManifest.xml:29:13-37
106            <meta-data
106-->[androidx.emoji2:emoji2:1.0.0] AndroidManifest.xml:31:13-33:52
107                android:name="androidx.emoji2.text.EmojiCompatInitializer"
107-->[androidx.emoji2:emoji2:1.0.0] AndroidManifest.xml:32:17-75
108                android:value="androidx.startup" />
108-->[androidx.emoji2:emoji2:1.0.0] AndroidManifest.xml:33:17-49
109            <meta-data
109-->[androidx.lifecycle:lifecycle-process:2.4.0] AndroidManifest.xml:31:13-33:52
110                android:name="androidx.lifecycle.ProcessLifecycleInitializer"
110-->[androidx.lifecycle:lifecycle-process:2.4.0] AndroidManifest.xml:32:17-78
111                android:value="androidx.startup" />
111-->[androidx.lifecycle:lifecycle-process:2.4.0] AndroidManifest.xml:33:17-49
112        </provider>
113
114        <meta-data
114-->[com.facebook.soloader:soloader:0.10.5] AndroidManifest.xml:12:9-14:37
115            android:name="com.facebook.soloader.enabled"
115-->[com.facebook.soloader:soloader:0.10.5] AndroidManifest.xml:13:13-57
116            android:value="false" />
116-->[com.facebook.soloader:soloader:0.10.5] AndroidManifest.xml:14:13-34
117    </application>
118
119</manifest>